<?xml version="1.0" encoding="UTF-8"?>
<!-- Generated by org.testng.reporters.JUnitXMLReporter -->
<testsuite hostname="LAPTOP-A29HKFCG" name="Surefire test" tests="31" failures="0" timestamp="17 Dec 2018 11:58:52 GMT" time="0.593" errors="0">
  <testcase name="Cbrt_50 on Cbrt_50(Borde.Funka.TestCase)" time="0.047" classname="Borde.Funka.TestCase"/>
  <testcase name="sqrt_50 on sqrt_50(Borde.Funka.TestCase)" time="0.036" classname="Borde.Funka.TestCase"/>
  <testcase name="sub50_zero on sub50_zero(Borde.Funka.TestCase)" time="0.022" classname="Borde.Funka.TestCase"/>
  <testcase name="addi50_zero on addi50_zero(Borde.Funka.TestCase)" time="0.038" classname="Borde.Funka.TestCase"/>
  <testcase name="addi50 on addi50(Borde.Funka.TestCase)" time="0.017" classname="Borde.Funka.TestCase"/>
  <testcase name="cos_50 on cos_50(Borde.Funka.TestCase)" time="0.022" classname="Borde.Funka.TestCase"/>
  <testcase name="cosNeg_50 on cosNeg_50(Borde.Funka.TestCase)" time="0.011" classname="Borde.Funka.TestCase"/>
  <testcase name="cos50_zero on cos50_zero(Borde.Funka.TestCase)" time="0.016" classname="Borde.Funka.TestCase"/>
  <testcase name="sin_50 on sin_50(Borde.Funka.TestCase)" time="0.024" classname="Borde.Funka.TestCase"/>
  <testcase name="tan_50 on tan_50(Borde.Funka.TestCase)" time="0.015" classname="Borde.Funka.TestCase"/>
  <testcase name="tan50_zero on tan50_zero(Borde.Funka.TestCase)" time="0.014" classname="Borde.Funka.TestCase"/>
  <testcase name="tanNeg_50 on tanNeg_50(Borde.Funka.TestCase)" time="0.006" classname="Borde.Funka.TestCase"/>
  <testcase name="Cbrt50_zero on Cbrt50_zero(Borde.Funka.TestCase)" time="0.007" classname="Borde.Funka.TestCase"/>
  <testcase name="mul50_zero on mul50_zero(Borde.Funka.TestCase)" time="0.007" classname="Borde.Funka.TestCase"/>
  <testcase name="sqrtNeg_50 on sqrtNeg_50(Borde.Funka.TestCase)" time="0.012" classname="Borde.Funka.TestCase"/>
  <testcase name="div50_divide_by_zero on div50_divide_by_zero(Borde.Funka.TestCase)" time="0.052" classname="Borde.Funka.TestCase"/>
  <testcase name="PI_50 on PI_50(Borde.Funka.TestCase)" time="0.006" classname="Borde.Funka.TestCase"/>
  <testcase name="div50 on div50(Borde.Funka.TestCase)" time="0.006" classname="Borde.Funka.TestCase"/>
  <testcase name="mul50 on mul50(Borde.Funka.TestCase)" time="0.006" classname="Borde.Funka.TestCase"/>
  <testcase name="sub50 on sub50(Borde.Funka.TestCase)" time="0.005" classname="Borde.Funka.TestCase"/>
  <testcase name="PINeg_50 on PINeg_50(Borde.Funka.TestCase)" time="0.006" classname="Borde.Funka.TestCase"/>
  <testcase name="sqrt50_zero on sqrt50_zero(Borde.Funka.TestCase)" time="0.008" classname="Borde.Funka.TestCase"/>
  <testcase name="PI50_zero on PI50_zero(Borde.Funka.TestCase)" time="0.006" classname="Borde.Funka.TestCase"/>
  <testcase name="sub50_negative on sub50_negative(Borde.Funka.TestCase)" time="0.007" classname="Borde.Funka.TestCase"/>
  <testcase name="mul50_negative on mul50_negative(Borde.Funka.TestCase)" time="0.006" classname="Borde.Funka.TestCase"/>
  <testcase name="div50_zero on div50_zero(Borde.Funka.TestCase)" time="0.008" classname="Borde.Funka.TestCase"/>
  <testcase name="CbrtNeg_50 on CbrtNeg_50(Borde.Funka.TestCase)" time="0.008" classname="Borde.Funka.TestCase"/>
  <testcase name="addi50_negative on addi50_negative(Borde.Funka.TestCase)" time="0.009" classname="Borde.Funka.TestCase"/>
  <testcase name="div50_negative on div50_negative(Borde.Funka.TestCase)" time="0.009" classname="Borde.Funka.TestCase"/>
  <testcase name="sin50_zero on sin50_zero(Borde.Funka.TestCase)" time="0.006" classname="Borde.Funka.TestCase"/>
  <testcase name="sinNeg_50 on sinNeg_50(Borde.Funka.TestCase)" time="0.005" classname="Borde.Funka.TestCase"/>
</testsuite> <!-- Surefire test -->
