<?xml version="1.0" encoding="UTF-8"?>
<!-- Generated by org.testng.reporters.JUnitXMLReporter -->
<testsuite hostname="LAPTOP-A29HKFCG" name="Surefire test" tests="14" failures="0" timestamp="14 Dec 2018 19:38:13 GMT" time="0.386" errors="0">
  <testcase name="sub50_zero on sub50_zero(Borde.Funka.TestCase)" time="0.08" classname="Borde.Funka.TestCase"/>
  <testcase name="addi50_zero on addi50_zero(Borde.Funka.TestCase)" time="0.016" classname="Borde.Funka.TestCase"/>
  <testcase name="addi50 on addi50(Borde.Funka.TestCase)" time="0.03" classname="Borde.Funka.TestCase"/>
  <testcase name="mul50_zero on mul50_zero(Borde.Funka.TestCase)" time="0.019" classname="Borde.Funka.TestCase"/>
  <testcase name="div50_divide_by_zero on div50_divide_by_zero(Borde.Funka.TestCase)" time="0.025" classname="Borde.Funka.TestCase"/>
  <testcase name="div50 on div50(Borde.Funka.TestCase)" time="0.017" classname="Borde.Funka.TestCase"/>
  <testcase name="mul50 on mul50(Borde.Funka.TestCase)" time="0.011" classname="Borde.Funka.TestCase"/>
  <testcase name="sub50 on sub50(Borde.Funka.TestCase)" time="0.014" classname="Borde.Funka.TestCase"/>
  <testcase name="div50_cos on div50_cos(Borde.Funka.TestCase)" time="0.007" classname="Borde.Funka.TestCase"/>
  <testcase name="sub50_negative on sub50_negative(Borde.Funka.TestCase)" time="0.005" classname="Borde.Funka.TestCase"/>
  <testcase name="mul50_negative on mul50_negative(Borde.Funka.TestCase)" time="0.011" classname="Borde.Funka.TestCase"/>
  <testcase name="div50_zero on div50_zero(Borde.Funka.TestCase)" time="0.006" classname="Borde.Funka.TestCase"/>
  <testcase name="addi50_negative on addi50_negative(Borde.Funka.TestCase)" time="0.006" classname="Borde.Funka.TestCase"/>
  <testcase name="div50_negative on div50_negative(Borde.Funka.TestCase)" time="0.004" classname="Borde.Funka.TestCase"/>
</testsuite> <!-- Surefire test -->
