<?xml version="1.0" encoding="UTF-8"?>
<testng-results skipped="0" failed="0" total="14" passed="14">
  <reporter-output>
  </reporter-output>
  <suite name="Surefire suite" duration-ms="386" started-at="2018-12-14T19:38:13Z" finished-at="2018-12-14T19:38:13Z">
    <groups>
    </groups>
    <test name="Surefire test" duration-ms="386" started-at="2018-12-14T19:38:13Z" finished-at="2018-12-14T19:38:13Z">
      <class name="Borde.Funka.TestCase">
        <test-method status="PASS" signature="sub50_zero()[pri:0, instance:sub50_zero(Borde.Funka.TestCase)]" name="sub50_zero" duration-ms="80" started-at="2018-12-14T20:38:13Z" finished-at="2018-12-14T20:38:13Z">
          <reporter-output>
          </reporter-output>
        </test-method> <!-- sub50_zero -->
        <test-method status="PASS" signature="addi50_zero()[pri:0, instance:addi50_zero(Borde.Funka.TestCase)]" name="addi50_zero" duration-ms="16" started-at="2018-12-14T20:38:13Z" finished-at="2018-12-14T20:38:13Z">
          <reporter-output>
          </reporter-output>
        </test-method> <!-- addi50_zero -->
        <test-method status="PASS" signature="addi50()[pri:0, instance:addi50(Borde.Funka.TestCase)]" name="addi50" duration-ms="30" started-at="2018-12-14T20:38:13Z" finished-at="2018-12-14T20:38:13Z">
          <reporter-output>
          </reporter-output>
        </test-method> <!-- addi50 -->
        <test-method status="PASS" signature="mul50_zero()[pri:0, instance:mul50_zero(Borde.Funka.TestCase)]" name="mul50_zero" duration-ms="19" started-at="2018-12-14T20:38:13Z" finished-at="2018-12-14T20:38:13Z">
          <reporter-output>
          </reporter-output>
        </test-method> <!-- mul50_zero -->
        <test-method status="PASS" signature="div50_divide_by_zero()[pri:0, instance:div50_divide_by_zero(Borde.Funka.TestCase)]" name="div50_divide_by_zero" duration-ms="25" started-at="2018-12-14T20:38:13Z" finished-at="2018-12-14T20:38:13Z">
          <reporter-output>
          </reporter-output>
        </test-method> <!-- div50_divide_by_zero -->
        <test-method status="PASS" signature="div50()[pri:0, instance:div50(Borde.Funka.TestCase)]" name="div50" duration-ms="17" started-at="2018-12-14T20:38:13Z" finished-at="2018-12-14T20:38:13Z">
          <reporter-output>
          </reporter-output>
        </test-method> <!-- div50 -->
        <test-method status="PASS" signature="mul50()[pri:0, instance:mul50(Borde.Funka.TestCase)]" name="mul50" duration-ms="11" started-at="2018-12-14T20:38:13Z" finished-at="2018-12-14T20:38:13Z">
          <reporter-output>
          </reporter-output>
        </test-method> <!-- mul50 -->
        <test-method status="PASS" signature="sub50()[pri:0, instance:sub50(Borde.Funka.TestCase)]" name="sub50" duration-ms="14" started-at="2018-12-14T20:38:13Z" finished-at="2018-12-14T20:38:13Z">
          <reporter-output>
          </reporter-output>
        </test-method> <!-- sub50 -->
        <test-method status="PASS" signature="div50_cos()[pri:0, instance:div50_cos(Borde.Funka.TestCase)]" name="div50_cos" duration-ms="7" started-at="2018-12-14T20:38:13Z" finished-at="2018-12-14T20:38:13Z">
          <reporter-output>
          </reporter-output>
        </test-method> <!-- div50_cos -->
        <test-method status="PASS" signature="sub50_negative()[pri:0, instance:sub50_negative(Borde.Funka.TestCase)]" name="sub50_negative" duration-ms="5" started-at="2018-12-14T20:38:13Z" finished-at="2018-12-14T20:38:13Z">
          <reporter-output>
          </reporter-output>
        </test-method> <!-- sub50_negative -->
        <test-method status="PASS" signature="mul50_negative()[pri:0, instance:mul50_negative(Borde.Funka.TestCase)]" name="mul50_negative" duration-ms="11" started-at="2018-12-14T20:38:13Z" finished-at="2018-12-14T20:38:13Z">
          <reporter-output>
          </reporter-output>
        </test-method> <!-- mul50_negative -->
        <test-method status="PASS" signature="div50_zero()[pri:0, instance:div50_zero(Borde.Funka.TestCase)]" name="div50_zero" duration-ms="6" started-at="2018-12-14T20:38:13Z" finished-at="2018-12-14T20:38:13Z">
          <reporter-output>
          </reporter-output>
        </test-method> <!-- div50_zero -->
        <test-method status="PASS" signature="addi50_negative()[pri:0, instance:addi50_negative(Borde.Funka.TestCase)]" name="addi50_negative" duration-ms="6" started-at="2018-12-14T20:38:13Z" finished-at="2018-12-14T20:38:13Z">
          <reporter-output>
          </reporter-output>
        </test-method> <!-- addi50_negative -->
        <test-method status="PASS" signature="div50_negative()[pri:0, instance:div50_negative(Borde.Funka.TestCase)]" name="div50_negative" duration-ms="4" started-at="2018-12-14T20:38:13Z" finished-at="2018-12-14T20:38:13Z">
          <reporter-output>
          </reporter-output>
        </test-method> <!-- div50_negative -->
      </class> <!-- Borde.Funka.TestCase -->
    </test> <!-- Surefire test -->
  </suite> <!-- Surefire suite -->
</testng-results>
