<?xml version="1.0" encoding="UTF-8"?>
<testsuite name="Borde.Funka.TestCase" time="0.447" tests="31" errors="0" skipped="0" failures="0">
  <properties>
[...]
</properties>
  <testcase name="Cbrt_50 on Cbrt_50(Borde.Funka.TestCase)" classname="Borde.Funka.TestCase" time="0.044"/>
  <testcase name="sqrt_50 on sqrt_50(Borde.Funka.TestCase)" classname="Borde.Funka.TestCase" time="0.036"/>
  <testcase name="sub50_zero on sub50_zero(Borde.Funka.TestCase)" classname="Borde.Funka.TestCase" time="0.021"/>
  <testcase name="addi50_zero on addi50_zero(Borde.Funka.TestCase)" classname="Borde.Funka.TestCase" time="0.038"/>
  <testcase name="addi50 on addi50(Borde.Funka.TestCase)" classname="Borde.Funka.TestCase" time="0.017"/>
  <testcase name="cos_50 on cos_50(Borde.Funka.TestCase)" classname="Borde.Funka.TestCase" time="0.022"/>
  <testcase name="cosNeg_50 on cosNeg_50(Borde.Funka.TestCase)" classname="Borde.Funka.TestCase" time="0.01"/>
  <testcase name="cos50_zero on cos50_zero(Borde.Funka.TestCase)" classname="Borde.Funka.TestCase" time="0.016"/>
  <testcase name="sin_50 on sin_50(Borde.Funka.TestCase)" classname="Borde.Funka.TestCase" time="0.024"/>
  <testcase name="tan_50 on tan_50(Borde.Funka.TestCase)" classname="Borde.Funka.TestCase" time="0.015"/>
  <testcase name="tan50_zero on tan50_zero(Borde.Funka.TestCase)" classname="Borde.Funka.TestCase" time="0.053"/>
  <testcase name="tanNeg_50 on tanNeg_50(Borde.Funka.TestCase)" classname="Borde.Funka.TestCase" time="0.03"/>
  <testcase name="Cbrt50_zero on Cbrt50_zero(Borde.Funka.TestCase)" classname="Borde.Funka.TestCase" time="0.002"/>
  <testcase name="mul50_zero on mul50_zero(Borde.Funka.TestCase)" classname="Borde.Funka.TestCase" time="0.006"/>
  <testcase name="sqrtNeg_50 on sqrtNeg_50(Borde.Funka.TestCase)" classname="Borde.Funka.TestCase" time="0.007"/>
  <testcase name="div50_divide_by_zero on div50_divide_by_zero(Borde.Funka.TestCase)" classname="Borde.Funka.TestCase" time="0.006"/>
  <testcase name="PI_50 on PI_50(Borde.Funka.TestCase)" classname="Borde.Funka.TestCase" time="0.006"/>
  <testcase name="div50 on div50(Borde.Funka.TestCase)" classname="Borde.Funka.TestCase" time="0.006"/>
  <testcase name="mul50 on mul50(Borde.Funka.TestCase)" classname="Borde.Funka.TestCase" time="0.006"/>
  <testcase name="sub50 on sub50(Borde.Funka.TestCase)" classname="Borde.Funka.TestCase" time="0.005"/>
  <testcase name="PINeg_50 on PINeg_50(Borde.Funka.TestCase)" classname="Borde.Funka.TestCase" time="0.006"/>
  <testcase name="sqrt50_zero on sqrt50_zero(Borde.Funka.TestCase)" classname="Borde.Funka.TestCase" time="0.008"/>
  <testcase name="PI50_zero on PI50_zero(Borde.Funka.TestCase)" classname="Borde.Funka.TestCase" time="0.006"/>
  <testcase name="sub50_negative on sub50_negative(Borde.Funka.TestCase)" classname="Borde.Funka.TestCase" time="0.007"/>
  <testcase name="mul50_negative on mul50_negative(Borde.Funka.TestCase)" classname="Borde.Funka.TestCase" time="0.006"/>
  <testcase name="div50_zero on div50_zero(Borde.Funka.TestCase)" classname="Borde.Funka.TestCase" time="0.008"/>
  <testcase name="CbrtNeg_50 on CbrtNeg_50(Borde.Funka.TestCase)" classname="Borde.Funka.TestCase" time="0.008"/>
  <testcase name="addi50_negative on addi50_negative(Borde.Funka.TestCase)" classname="Borde.Funka.TestCase" time="0.014"/>
  <testcase name="div50_negative on div50_negative(Borde.Funka.TestCase)" classname="Borde.Funka.TestCase" time="0.007"/>
  <testcase name="sin50_zero on sin50_zero(Borde.Funka.TestCase)" classname="Borde.Funka.TestCase" time="0.002"/>
  <testcase name="sinNeg_50 on sinNeg_50(Borde.Funka.TestCase)" classname="Borde.Funka.TestCase" time="0.005"/>
</testsuite>